<?xml version="1.0" encoding="UTF-8"?>
<!-- Generated by org.testng.reporters.JUnitReportReporter -->
<testsuite hostname="DESKTOP-DQIOB50" failures="0" tests="1" name="com.jira.testrunner.JIRAtestrunner" time="3.335" errors="0" timestamp="2024-09-21T00:44:49 IST" skipped="0">
  <testcase classname="com.jira.testrunner.JIRAtestrunner" name="runScenario" time="3.335"/>
  <system-out/>
</testsuite> <!-- com.jira.testrunner.JIRAtestrunner -->
